<?xml version="1.0" encoding="UTF-8"?>
<testng-results total="1" passed="1" failed="0" skipped="0">
  <reporter-output>
  </reporter-output>
  <suite started-at="2022-08-13T06:40:07Z" name="Default suite" finished-at="2022-08-13T06:40:13Z" duration-ms="5259">
    <groups>
    </groups>
    <test started-at="2022-08-13T06:40:07Z" name="Default test" finished-at="2022-08-13T06:40:13Z" duration-ms="5259">
      <class name="com.test.TestDragandDrop">
        <test-method signature="testdrag()[pri:0, instance:com.test.TestDragandDrop@1e44b638]" started-at="2022-08-13T12:10:08Z" name="testdrag" finished-at="2022-08-13T12:10:13Z" duration-ms="5222" status="PASS">
          <reporter-output>
          </reporter-output>
        </test-method> <!-- testdrag -->
      </class> <!-- com.test.TestDragandDrop -->
    </test> <!-- Default test -->
  </suite> <!-- Default suite -->
</testng-results>
