<?xml version="1.0" encoding="UTF-8"?>
<testng-results total="1" passed="1" failed="0" skipped="0">
  <reporter-output>
  </reporter-output>
  <suite started-at="2022-08-12T11:25:28Z" name="Default suite" finished-at="2022-08-12T11:25:42Z" duration-ms="14440">
    <groups>
    </groups>
    <test started-at="2022-08-12T11:25:28Z" name="Default test" finished-at="2022-08-12T11:25:42Z" duration-ms="14440">
      <class name="com.test.TestNg">
        <test-method signature="Test1()[pri:0, instance:com.test.TestNg@38604b81]" started-at="2022-08-12T16:55:28Z" name="Test1" finished-at="2022-08-12T16:55:42Z" duration-ms="14417" status="PASS">
          <reporter-output>
          </reporter-output>
        </test-method> <!-- Test1 -->
      </class> <!-- com.test.TestNg -->
    </test> <!-- Default test -->
  </suite> <!-- Default suite -->
</testng-results>
